Using pre-set license
Built from '2020.3/staging' branch; Version is '2020.3.4f1 (0abb6314276a) revision 703331'; Using compiler version '192528614'; Build Type 'Release'
OS: 'Windows 10 Home; OS build 22000.675; Version 2009; 64bit' Language: 'pt' Physical Memory: 8036 MB
BatchMode: 1, IsHumanControllingUs: 0, StartBugReporterOnCrash: 0, Is64bit: 1, IsPro: 0

 COMMAND LINE ARGUMENTS:
C:\Program Files\Unity\Hub\Editor\2020.3.4f1\Editor\Unity.exe
-adb2
-batchMode
-noUpm
-name
AssetImportWorker21
-projectPath
D:/Unity/ScriptableObjectPlatformer/ScriptableObjectPlatformer
-logFile
Logs/AssetImportWorker21.log
-srvPort
63116
Successfully changed project path to: D:/Unity/ScriptableObjectPlatformer/ScriptableObjectPlatformer
D:/Unity/ScriptableObjectPlatformer/ScriptableObjectPlatformer
Using Asset Import Pipeline V2.
Refreshing native plugins compatible for Editor in 38.93 ms, found 1 plugins.
Preloading 0 native plugins for Editor in 0.00 ms.
Initialize engine version: 2020.3.4f1 (0abb6314276a)
[Subsystems] Discovering subsystems at path C:/Program Files/Unity/Hub/Editor/2020.3.4f1/Editor/Data/Resources/UnitySubsystems
[Subsystems] Discovering subsystems at path D:/Unity/ScriptableObjectPlatformer/ScriptableObjectPlatformer/Assets
GfxDevice: creating device client; threaded=0
Direct3D:
    Version:  Direct3D 11.0 [level 11.1]
    Renderer: NVIDIA GeForce GTX 1650 (ID=0x1f91)
    Vendor:   
    VRAM:     3962 MB
    Driver:   31.0.15.1640
Initialize mono
Mono path[0] = 'C:/Program Files/Unity/Hub/Editor/2020.3.4f1/Editor/Data/Managed'
Mono path[1] = 'C:/Program Files/Unity/Hub/Editor/2020.3.4f1/Editor/Data/MonoBleedingEdge/lib/mono/unityjit'
Mono config path = 'C:/Program Files/Unity/Hub/Editor/2020.3.4f1/Editor/Data/MonoBleedingEdge/etc'
Using monoOptions --debugger-agent=transport=dt_socket,embedding=1,server=y,suspend=n,address=127.0.0.1:56596
Begin MonoManager ReloadAssembly
Registering precompiled unity dll's ...
Register platform support module: C:/Program Files/Unity/Hub/Editor/2020.3.4f1/Editor/Data/PlaybackEngines/WebGLSupport/UnityEditor.WebGL.Extensions.dll
Register platform support module: C:/Program Files/Unity/Hub/Editor/2020.3.4f1/Editor/Data/PlaybackEngines/WindowsStandaloneSupport/UnityEditor.WindowsStandalone.Extensions.dll
Registered in 0.002908 seconds.
Native extension for WindowsStandalone target not found
Native extension for WebGL target not found
Refreshing native plugins compatible for Editor in 44.30 ms, found 1 plugins.
Preloading 0 native plugins for Editor in 0.00 ms.
Mono: successfully reloaded assembly
- Completed reload, in  6.092 seconds
Platform modules already initialized, skipping
Registering precompiled user dll's ...
Registered in 0.000999 seconds.
Begin MonoManager ReloadAssembly
Native extension for WindowsStandalone target not found
Native extension for WebGL target not found
Refreshing native plugins compatible for Editor in 52.15 ms, found 1 plugins.
Preloading 0 native plugins for Editor in 0.00 ms.
Mono: successfully reloaded assembly
- Completed reload, in  2.287 seconds
Platform modules already initialized, skipping
========================================================================
Worker process is ready to serve import requests
Launched and connected shader compiler UnityShaderCompiler.exe after 0.14 seconds
Refreshing native plugins compatible for Editor in 0.58 ms, found 1 plugins.
Preloading 0 native plugins for Editor in 0.00 ms.
Unloading 1811 Unused Serialized files (Serialized files now loaded: 0)
System memory in use before: 84.9 MB.
System memory in use after: 84.8 MB.

Unloading 24 unused Assets to reduce memory usage. Loaded Objects now: 2253.
Total: 3.790700 ms (FindLiveObjects: 0.389700 ms CreateObjectMapping: 0.726100 ms MarkObjects: 2.430300 ms  DeleteObjects: 0.242600 ms)

========================================================================
Received Import Request.
  path: Assets/EnemyMovement.asset
  artifactKey: Guid(6809ab1c3f399e1499a8063d4489b292) Importer(815301076,1909f56bfc062723c751e8b465ee728b)
Start importing Assets/EnemyMovement.asset using Guid(6809ab1c3f399e1499a8063d4489b292) Importer(815301076,1909f56bfc062723c751e8b465ee728b)  -> (artifact id: '64e9c583f6bea0f9d785686d5fddc8be') in 0.126590 seconds
  Import took 0.148044 seconds .

========================================================================
Received Import Request.
  Time since last request: 13.704325 seconds.
  path: Assets/EnemyMovement.asset
  artifactKey: Guid(6809ab1c3f399e1499a8063d4489b292) Importer(815301076,1909f56bfc062723c751e8b465ee728b)
Start importing Assets/EnemyMovement.asset using Guid(6809ab1c3f399e1499a8063d4489b292) Importer(815301076,1909f56bfc062723c751e8b465ee728b)  -> (artifact id: '6c2d9c993be9e23cd6512ee88d4c3c89') in 0.007471 seconds
  Import took 0.036106 seconds .

========================================================================
Received Import Request.
  Time since last request: 0.001843 seconds.
  path: Assets/EnemyMovement.asset
  artifactKey: Guid(6809ab1c3f399e1499a8063d4489b292) Importer(815301076,1909f56bfc062723c751e8b465ee728b)
Start importing Assets/EnemyMovement.asset using Guid(6809ab1c3f399e1499a8063d4489b292) Importer(815301076,1909f56bfc062723c751e8b465ee728b)  -> (artifact id: '6c2d9c993be9e23cd6512ee88d4c3c89') in 0.003085 seconds
  Import took 0.006776 seconds .

========================================================================
Received Prepare
Registering precompiled user dll's ...
Registered in 0.039098 seconds.
Begin MonoManager ReloadAssembly
Native extension for WindowsStandalone target not found
Native extension for WebGL target not found
Refreshing native plugins compatible for Editor in 0.49 ms, found 1 plugins.
Preloading 0 native plugins for Editor in 0.00 ms.
Mono: successfully reloaded assembly
- Completed reload, in  0.880 seconds
Platform modules already initialized, skipping
Refreshing native plugins compatible for Editor in 0.39 ms, found 1 plugins.
Preloading 0 native plugins for Editor in 0.00 ms.
Unloading 1806 Unused Serialized files (Serialized files now loaded: 0)
System memory in use before: 84.9 MB.
System memory in use after: 84.8 MB.

Unloading 12 unused Assets to reduce memory usage. Loaded Objects now: 2257.
Total: 2.446100 ms (FindLiveObjects: 0.268000 ms CreateObjectMapping: 0.080900 ms MarkObjects: 1.988000 ms  DeleteObjects: 0.107600 ms)

========================================================================
Received Prepare
Registering precompiled user dll's ...
Registered in 0.026507 seconds.
Begin MonoManager ReloadAssembly
Native extension for WindowsStandalone target not found
Native extension for WebGL target not found
Refreshing native plugins compatible for Editor in 0.42 ms, found 1 plugins.
Preloading 0 native plugins for Editor in 0.00 ms.
Mono: successfully reloaded assembly
- Completed reload, in  1.553 seconds
Platform modules already initialized, skipping
Refreshing native plugins compatible for Editor in 0.35 ms, found 1 plugins.
Preloading 0 native plugins for Editor in 0.00 ms.
Unloading 1806 Unused Serialized files (Serialized files now loaded: 0)
System memory in use before: 84.9 MB.
System memory in use after: 84.9 MB.

Unloading 12 unused Assets to reduce memory usage. Loaded Objects now: 2261.
Total: 2.051100 ms (FindLiveObjects: 0.321500 ms CreateObjectMapping: 0.124800 ms MarkObjects: 1.500600 ms  DeleteObjects: 0.102900 ms)

========================================================================
Received Prepare
Registering precompiled user dll's ...
Registered in 0.025651 seconds.
Begin MonoManager ReloadAssembly
Native extension for WindowsStandalone target not found
Native extension for WebGL target not found
Refreshing native plugins compatible for Editor in 0.43 ms, found 1 plugins.
Preloading 0 native plugins for Editor in 0.00 ms.
Mono: successfully reloaded assembly
- Completed reload, in  1.602 seconds
Platform modules already initialized, skipping
Refreshing native plugins compatible for Editor in 0.34 ms, found 1 plugins.
Preloading 0 native plugins for Editor in 0.00 ms.
Unloading 1806 Unused Serialized files (Serialized files now loaded: 0)
System memory in use before: 84.9 MB.
System memory in use after: 84.9 MB.

Unloading 12 unused Assets to reduce memory usage. Loaded Objects now: 2265.
Total: 1.960000 ms (FindLiveObjects: 0.214300 ms CreateObjectMapping: 0.070900 ms MarkObjects: 1.571400 ms  DeleteObjects: 0.102200 ms)

========================================================================
Received Import Request.
  Time since last request: 3316.220865 seconds.
  path: Assets/ScriptableObjects
  artifactKey: Guid(09c0656faa3851342b0e0169843563d9) Importer(815301076,1909f56bfc062723c751e8b465ee728b)
Start importing Assets/ScriptableObjects using Guid(09c0656faa3851342b0e0169843563d9) Importer(815301076,1909f56bfc062723c751e8b465ee728b)  -> (artifact id: 'd32040958c72a1fa3b13987a749f0ac6') in 0.336161 seconds
  Import took 0.479936 seconds .

========================================================================
Received Import Request.
  Time since last request: 9.354351 seconds.
  path: Assets/Scripts
  artifactKey: Guid(de1f2c82e56a7e7429d1439775ffb073) Importer(815301076,1909f56bfc062723c751e8b465ee728b)
Start importing Assets/Scripts using Guid(de1f2c82e56a7e7429d1439775ffb073) Importer(815301076,1909f56bfc062723c751e8b465ee728b)  -> (artifact id: '2e7fe138efc5ebcac51b87f0fcfee6ac') in 0.049968 seconds
  Import took 0.080541 seconds .

========================================================================
Received Import Request.
  Time since last request: 1.226411 seconds.
  path: Assets/EnemyControl.cs
  artifactKey: Guid(575ca64c98fc280428d8a7581fdfabab) Importer(815301076,1909f56bfc062723c751e8b465ee728b)
Start importing Assets/EnemyControl.cs using Guid(575ca64c98fc280428d8a7581fdfabab) Importer(815301076,1909f56bfc062723c751e8b465ee728b)  -> (artifact id: '14b1238829f7b42761943a63fbe17670') in 0.178017 seconds
  Import took 0.252661 seconds .

========================================================================
Received Import Request.
  Time since last request: 8.086967 seconds.
  path: Assets/EnemyControl1.cs
  artifactKey: Guid(e0a3aa411ce26154cae23cfeabfd0ebb) Importer(815301076,1909f56bfc062723c751e8b465ee728b)
Start importing Assets/EnemyControl1.cs using Guid(e0a3aa411ce26154cae23cfeabfd0ebb) Importer(815301076,1909f56bfc062723c751e8b465ee728b)  -> (artifact id: 'cafba65e68df09fff8c497821cd86893') in 0.120311 seconds
  Import took 0.236196 seconds .

========================================================================
Received Prepare
Registering precompiled user dll's ...
Registered in 0.219976 seconds.
Begin MonoManager ReloadAssembly
Native extension for WindowsStandalone target not found
Native extension for WebGL target not found
Refreshing native plugins compatible for Editor in 0.45 ms, found 1 plugins.
Preloading 0 native plugins for Editor in 0.00 ms.
Mono: successfully reloaded assembly
- Completed reload, in  2.211 seconds
Platform modules already initialized, skipping
Refreshing native plugins compatible for Editor in 0.52 ms, found 1 plugins.
Preloading 0 native plugins for Editor in 0.00 ms.
Unloading 1806 Unused Serialized files (Serialized files now loaded: 0)
System memory in use before: 84.9 MB.
System memory in use after: 84.9 MB.

Unloading 12 unused Assets to reduce memory usage. Loaded Objects now: 2269.
Total: 11.132100 ms (FindLiveObjects: 0.553400 ms CreateObjectMapping: 0.111600 ms MarkObjects: 9.580600 ms  DeleteObjects: 0.884000 ms)

========================================================================
Received Prepare
Registering precompiled user dll's ...
Registered in 0.030037 seconds.
Begin MonoManager ReloadAssembly
Native extension for WindowsStandalone target not found
Native extension for WebGL target not found
Refreshing native plugins compatible for Editor in 0.42 ms, found 1 plugins.
Preloading 0 native plugins for Editor in 0.00 ms.
Mono: successfully reloaded assembly
- Completed reload, in  1.637 seconds
Platform modules already initialized, skipping
Refreshing native plugins compatible for Editor in 0.47 ms, found 1 plugins.
Preloading 0 native plugins for Editor in 0.00 ms.
Unloading 1806 Unused Serialized files (Serialized files now loaded: 0)
System memory in use before: 84.9 MB.
System memory in use after: 84.9 MB.

Unloading 12 unused Assets to reduce memory usage. Loaded Objects now: 2273.
Total: 2.677400 ms (FindLiveObjects: 0.406000 ms CreateObjectMapping: 0.122800 ms MarkObjects: 2.024100 ms  DeleteObjects: 0.123000 ms)

========================================================================
Received Import Request.
  Time since last request: 98.243910 seconds.
  path: Assets/ScriptableObjects/Run.asset
  artifactKey: Guid(7648c49fed3a8c647830777d203ee042) Importer(815301076,1909f56bfc062723c751e8b465ee728b)
Start importing Assets/ScriptableObjects/Run.asset using Guid(7648c49fed3a8c647830777d203ee042) Importer(815301076,1909f56bfc062723c751e8b465ee728b)  -> (artifact id: 'aad0397f2089cd492152ec573b8e6874') in 0.026138 seconds
  Import took 0.031976 seconds .

========================================================================
Received Import Request.
  Time since last request: 1166.402549 seconds.
  path: Assets/Scripts/Run.cs
  artifactKey: Guid(ab9c093575d043d46926976e9353538f) Importer(815301076,1909f56bfc062723c751e8b465ee728b)
Start importing Assets/Scripts/Run.cs using Guid(ab9c093575d043d46926976e9353538f) Importer(815301076,1909f56bfc062723c751e8b465ee728b)  -> (artifact id: 'a4fcf3ff6dd5cdf5e8deccd9522a2793') in 0.031173 seconds
  Import took 0.291297 seconds .

========================================================================
Received Prepare
Registering precompiled user dll's ...
Registered in 0.028312 seconds.
Begin MonoManager ReloadAssembly
Native extension for WindowsStandalone target not found
Native extension for WebGL target not found
Refreshing native plugins compatible for Editor in 0.76 ms, found 1 plugins.
Preloading 0 native plugins for Editor in 0.00 ms.
Mono: successfully reloaded assembly
- Completed reload, in  1.330 seconds
Platform modules already initialized, skipping
Script is not up to date after domain reload: guid(0227f728aa48d1b4b82361619ef0bb77) path("Assets/Scripts/RunAction.cs") state(2)
Refreshing native plugins compatible for Editor in 0.79 ms, found 1 plugins.
Preloading 0 native plugins for Editor in 0.00 ms.
Unloading 1806 Unused Serialized files (Serialized files now loaded: 0)
System memory in use before: 85.0 MB.
System memory in use after: 85.0 MB.

Unloading 12 unused Assets to reduce memory usage. Loaded Objects now: 2277.
Total: 8.091800 ms (FindLiveObjects: 0.679000 ms CreateObjectMapping: 0.175400 ms MarkObjects: 6.683400 ms  DeleteObjects: 0.551200 ms)

========================================================================
Received Prepare
Registering precompiled user dll's ...
Registered in 0.018126 seconds.
Begin MonoManager ReloadAssembly
Native extension for WindowsStandalone target not found
Native extension for WebGL target not found
Refreshing native plugins compatible for Editor in 0.33 ms, found 1 plugins.
Preloading 0 native plugins for Editor in 0.00 ms.
Mono: successfully reloaded assembly
- Completed reload, in  0.859 seconds
Platform modules already initialized, skipping
Refreshing native plugins compatible for Editor in 0.52 ms, found 1 plugins.
Preloading 0 native plugins for Editor in 0.00 ms.
Unloading 1807 Unused Serialized files (Serialized files now loaded: 0)
System memory in use before: 85.0 MB.
System memory in use after: 85.0 MB.

Unloading 12 unused Assets to reduce memory usage. Loaded Objects now: 2282.
Total: 2.101100 ms (FindLiveObjects: 0.190100 ms CreateObjectMapping: 0.068400 ms MarkObjects: 1.720400 ms  DeleteObjects: 0.121100 ms)

========================================================================
Received Import Request.
  Time since last request: 50.158068 seconds.
  path: Assets/Scripts/RunAction.cs
  artifactKey: Guid(0227f728aa48d1b4b82361619ef0bb77) Importer(815301076,1909f56bfc062723c751e8b465ee728b)
Start importing Assets/Scripts/RunAction.cs using Guid(0227f728aa48d1b4b82361619ef0bb77) Importer(815301076,1909f56bfc062723c751e8b465ee728b)  -> (artifact id: '3396b4d98bc4d5fb40cc2c1d479ceed6') in 0.008371 seconds
  Import took 0.035271 seconds .

========================================================================
Received Prepare
Registering precompiled user dll's ...
Registered in 0.013806 seconds.
Begin MonoManager ReloadAssembly
Native extension for WindowsStandalone target not found
Native extension for WebGL target not found
Refreshing native plugins compatible for Editor in 0.32 ms, found 1 plugins.
Preloading 0 native plugins for Editor in 0.00 ms.
Mono: successfully reloaded assembly
- Completed reload, in  0.819 seconds
Platform modules already initialized, skipping
Refreshing native plugins compatible for Editor in 0.87 ms, found 1 plugins.
Preloading 0 native plugins for Editor in 0.00 ms.
Unloading 1807 Unused Serialized files (Serialized files now loaded: 0)
System memory in use before: 85.0 MB.
System memory in use after: 85.0 MB.

Unloading 12 unused Assets to reduce memory usage. Loaded Objects now: 2286.
Total: 3.766600 ms (FindLiveObjects: 0.319100 ms CreateObjectMapping: 0.136600 ms MarkObjects: 3.110900 ms  DeleteObjects: 0.198400 ms)

========================================================================
Received Import Request.
  Time since last request: 236.840354 seconds.
  path: Assets/Scripts/RunAction.cs
  artifactKey: Guid(0227f728aa48d1b4b82361619ef0bb77) Importer(815301076,1909f56bfc062723c751e8b465ee728b)
Start importing Assets/Scripts/RunAction.cs using Guid(0227f728aa48d1b4b82361619ef0bb77) Importer(815301076,1909f56bfc062723c751e8b465ee728b)  -> (artifact id: '7ca1a3b12674777d2ec3ab1ac361a3a0') in 0.009902 seconds
  Import took 0.018304 seconds .

========================================================================
Received Import Request.
  Time since last request: 31.487489 seconds.
  path: Assets/Scripts/Run.asset
  artifactKey: Guid(12c1a42a6e76d4648b8dfbd53fa84ce8) Importer(815301076,1909f56bfc062723c751e8b465ee728b)
Start importing Assets/Scripts/Run.asset using Guid(12c1a42a6e76d4648b8dfbd53fa84ce8) Importer(815301076,1909f56bfc062723c751e8b465ee728b)  -> (artifact id: 'c51a05c8e341ad8ca7abbcfbdc6328e8') in 0.011474 seconds
  Import took 0.014532 seconds .

========================================================================
Received Import Request.
  Time since last request: 10.754418 seconds.
  path: Assets/Scripts/JumpAction.cs
  artifactKey: Guid(09cfd2f234fc979419d1f309cdd08068) Importer(815301076,1909f56bfc062723c751e8b465ee728b)
Start importing Assets/Scripts/JumpAction.cs using Guid(09cfd2f234fc979419d1f309cdd08068) Importer(815301076,1909f56bfc062723c751e8b465ee728b)  -> (artifact id: 'a3972814fa9c632e3c4323e6fe3e8b8e') in 0.002530 seconds
  Import took 0.006314 seconds .

========================================================================
Received Prepare
Registering precompiled user dll's ...
Registered in 0.001038 seconds.
Begin MonoManager ReloadAssembly
Native extension for WindowsStandalone target not found
Native extension for WebGL target not found
Refreshing native plugins compatible for Editor in 0.42 ms, found 1 plugins.
Preloading 0 native plugins for Editor in 0.00 ms.
Mono: successfully reloaded assembly
- Completed reload, in  0.897 seconds
Platform modules already initialized, skipping
Refreshing native plugins compatible for Editor in 0.32 ms, found 1 plugins.
Preloading 0 native plugins for Editor in 0.00 ms.
Unloading 1808 Unused Serialized files (Serialized files now loaded: 0)
System memory in use before: 85.1 MB.
System memory in use after: 85.0 MB.

Unloading 12 unused Assets to reduce memory usage. Loaded Objects now: 2291.
Total: 2.023100 ms (FindLiveObjects: 0.294200 ms CreateObjectMapping: 0.097400 ms MarkObjects: 1.526300 ms  DeleteObjects: 0.104400 ms)

========================================================================
Received Prepare
Registering precompiled user dll's ...
Registered in 0.002162 seconds.
Begin MonoManager ReloadAssembly
Native extension for WindowsStandalone target not found
Native extension for WebGL target not found
Refreshing native plugins compatible for Editor in 0.35 ms, found 1 plugins.
Preloading 0 native plugins for Editor in 0.00 ms.
Mono: successfully reloaded assembly
- Completed reload, in  0.874 seconds
Platform modules already initialized, skipping
Refreshing native plugins compatible for Editor in 0.32 ms, found 1 plugins.
Preloading 0 native plugins for Editor in 0.00 ms.
Unloading 1808 Unused Serialized files (Serialized files now loaded: 0)
System memory in use before: 85.1 MB.
System memory in use after: 85.0 MB.

Unloading 12 unused Assets to reduce memory usage. Loaded Objects now: 2295.
Total: 4.486100 ms (FindLiveObjects: 1.321000 ms CreateObjectMapping: 0.214400 ms MarkObjects: 2.774000 ms  DeleteObjects: 0.174600 ms)

========================================================================
Received Import Request.
  Time since last request: 69.503908 seconds.
  path: Assets/Scripts/JumpAction.cs
  artifactKey: Guid(09cfd2f234fc979419d1f309cdd08068) Importer(815301076,1909f56bfc062723c751e8b465ee728b)
Start importing Assets/Scripts/JumpAction.cs using Guid(09cfd2f234fc979419d1f309cdd08068) Importer(815301076,1909f56bfc062723c751e8b465ee728b)  -> (artifact id: '70170fca04c5fd5cd33bdbdddcb2f812') in 0.004869 seconds
  Import took 0.007849 seconds .

========================================================================
Received Import Request.
  Time since last request: 7.153458 seconds.
  path: Assets/Scripts/Jump.asset
  artifactKey: Guid(d82350acc56042e4293e74e95ce3d752) Importer(815301076,1909f56bfc062723c751e8b465ee728b)
Start importing Assets/Scripts/Jump.asset using Guid(d82350acc56042e4293e74e95ce3d752) Importer(815301076,1909f56bfc062723c751e8b465ee728b)  -> (artifact id: '9b66d92c952e8743cb7d2b7c90266a5e') in 0.010598 seconds
  Import took 0.013701 seconds .

========================================================================
Received Import Request.
  Time since last request: 0.001195 seconds.
  path: Assets/Scripts/Jump.asset
  artifactKey: Guid(d82350acc56042e4293e74e95ce3d752) Importer(815301076,1909f56bfc062723c751e8b465ee728b)
Start importing Assets/Scripts/Jump.asset using Guid(d82350acc56042e4293e74e95ce3d752) Importer(815301076,1909f56bfc062723c751e8b465ee728b)  -> (artifact id: '9b66d92c952e8743cb7d2b7c90266a5e') in 0.004563 seconds
  Import took 0.007613 seconds .

AssetImportWorkerClient::OnTransportError - code=2 error=End of file
