Using pre-set license
Built from '2020.3/staging' branch; Version is '2020.3.4f1 (0abb6314276a) revision 703331'; Using compiler version '192528614'; Build Type 'Release'
OS: 'Windows 10 Home; OS build 22000.675; Version 2009; 64bit' Language: 'pt' Physical Memory: 8036 MB
BatchMode: 1, IsHumanControllingUs: 0, StartBugReporterOnCrash: 0, Is64bit: 1, IsPro: 0

 COMMAND LINE ARGUMENTS:
C:\Program Files\Unity\Hub\Editor\2020.3.4f1\Editor\Unity.exe
-adb2
-batchMode
-noUpm
-name
AssetImportWorker2
-projectPath
D:/Unity/ScriptableObjectPlatformer/ScriptableObjectPlatformer
-logFile
Logs/AssetImportWorker2.log
-srvPort
63116
Successfully changed project path to: D:/Unity/ScriptableObjectPlatformer/ScriptableObjectPlatformer
D:/Unity/ScriptableObjectPlatformer/ScriptableObjectPlatformer
Using Asset Import Pipeline V2.
Refreshing native plugins compatible for Editor in 18317.51 ms, found 1 plugins.
Preloading 0 native plugins for Editor in 0.00 ms.
Initialize engine version: 2020.3.4f1 (0abb6314276a)
[Subsystems] Discovering subsystems at path C:/Program Files/Unity/Hub/Editor/2020.3.4f1/Editor/Data/Resources/UnitySubsystems
[Subsystems] Discovering subsystems at path D:/Unity/ScriptableObjectPlatformer/ScriptableObjectPlatformer/Assets
GfxDevice: creating device client; threaded=0
