Using pre-set license
Built from '2020.3/staging' branch; Version is '2020.3.4f1 (0abb6314276a) revision 703331'; Using compiler version '192528614'; Build Type 'Release'
OS: 'Windows 10 Home; OS build 22000.675; Version 2009; 64bit' Language: 'pt' Physical Memory: 8036 MB
BatchMode: 1, IsHumanControllingUs: 0, StartBugReporterOnCrash: 0, Is64bit: 1, IsPro: 0

 COMMAND LINE ARGUMENTS:
C:\Program Files\Unity\Hub\Editor\2020.3.4f1\Editor\Unity.exe
-adb2
-batchMode
-noUpm
-name
AssetImportWorker1
-projectPath
D:/Unity/ScriptableObjectPlatformer/ScriptableObjectPlatformer
-logFile
Logs/AssetImportWorker1.log
-srvPort
49775
Successfully changed project path to: D:/Unity/ScriptableObjectPlatformer/ScriptableObjectPlatformer
D:/Unity/ScriptableObjectPlatformer/ScriptableObjectPlatformer
Using Asset Import Pipeline V2.
Refreshing native plugins compatible for Editor in 44.04 ms, found 1 plugins.
Preloading 0 native plugins for Editor in 0.00 ms.
Initialize engine version: 2020.3.4f1 (0abb6314276a)
[Subsystems] Discovering subsystems at path C:/Program Files/Unity/Hub/Editor/2020.3.4f1/Editor/Data/Resources/UnitySubsystems
[Subsystems] Discovering subsystems at path D:/Unity/ScriptableObjectPlatformer/ScriptableObjectPlatformer/Assets
GfxDevice: creating device client; threaded=0
Direct3D:
    Version:  Direct3D 11.0 [level 11.1]
    Renderer: NVIDIA GeForce GTX 1650 (ID=0x1f91)
    Vendor:   
    VRAM:     3962 MB
    Driver:   31.0.15.1640
Initialize mono
Mono path[0] = 'C:/Program Files/Unity/Hub/Editor/2020.3.4f1/Editor/Data/Managed'
Mono path[1] = 'C:/Program Files/Unity/Hub/Editor/2020.3.4f1/Editor/Data/MonoBleedingEdge/lib/mono/unityjit'
Mono config path = 'C:/Program Files/Unity/Hub/Editor/2020.3.4f1/Editor/Data/MonoBleedingEdge/etc'
Using monoOptions --debugger-agent=transport=dt_socket,embedding=1,server=y,suspend=n,address=127.0.0.1:56772
Begin MonoManager ReloadAssembly
Registering precompiled unity dll's ...
Register platform support module: C:/Program Files/Unity/Hub/Editor/2020.3.4f1/Editor/Data/PlaybackEngines/WebGLSupport/UnityEditor.WebGL.Extensions.dll
Register platform support module: C:/Program Files/Unity/Hub/Editor/2020.3.4f1/Editor/Data/PlaybackEngines/WindowsStandaloneSupport/UnityEditor.WindowsStandalone.Extensions.dll
Registered in 0.002476 seconds.
Native extension for WindowsStandalone target not found
Native extension for WebGL target not found
Refreshing native plugins compatible for Editor in 36.46 ms, found 1 plugins.
Preloading 0 native plugins for Editor in 0.00 ms.
Mono: successfully reloaded assembly
- Completed reload, in  1.933 seconds
Platform modules already initialized, skipping
Registering precompiled user dll's ...
Registered in 0.001063 seconds.
Begin MonoManager ReloadAssembly
Native extension for WindowsStandalone target not found
Native extension for WebGL target not found
Refreshing native plugins compatible for Editor in 33.44 ms, found 1 plugins.
Preloading 0 native plugins for Editor in 0.00 ms.
Mono: successfully reloaded assembly
- Completed reload, in  0.879 seconds
Platform modules already initialized, skipping
========================================================================
Worker process is ready to serve import requests
Launched and connected shader compiler UnityShaderCompiler.exe after 0.08 seconds
Refreshing native plugins compatible for Editor in 0.66 ms, found 1 plugins.
Preloading 0 native plugins for Editor in 0.00 ms.
Unloading 1823 Unused Serialized files (Serialized files now loaded: 0)
System memory in use before: 85.2 MB.
System memory in use after: 85.1 MB.

Unloading 24 unused Assets to reduce memory usage. Loaded Objects now: 2265.
Total: 7.675600 ms (FindLiveObjects: 0.374100 ms CreateObjectMapping: 0.226500 ms MarkObjects: 6.489700 ms  DeleteObjects: 0.582000 ms)

========================================================================
Received Import Request.
  path: Assets/Scripts/EnemyStats.cs
  artifactKey: Guid(cf6a82d9e903e1a47a4c61ae1e3ab065) Importer(815301076,1909f56bfc062723c751e8b465ee728b)
Start importing Assets/Scripts/EnemyStats.cs using Guid(cf6a82d9e903e1a47a4c61ae1e3ab065) Importer(815301076,1909f56bfc062723c751e8b465ee728b)  -> (artifact id: '8c0450de7855763818800d23c3ec6bdf') in 0.054203 seconds
  Import took 0.058596 seconds .

========================================================================
Received Prepare
Registering precompiled user dll's ...
Registered in 0.001049 seconds.
Begin MonoManager ReloadAssembly
Native extension for WindowsStandalone target not found
Native extension for WebGL target not found
Refreshing native plugins compatible for Editor in 0.33 ms, found 1 plugins.
Preloading 0 native plugins for Editor in 0.00 ms.
Mono: successfully reloaded assembly
- Completed reload, in  0.794 seconds
Platform modules already initialized, skipping
Refreshing native plugins compatible for Editor in 0.31 ms, found 1 plugins.
Preloading 0 native plugins for Editor in 0.00 ms.
Unloading 1818 Unused Serialized files (Serialized files now loaded: 0)
System memory in use before: 85.1 MB.
System memory in use after: 85.1 MB.

Unloading 12 unused Assets to reduce memory usage. Loaded Objects now: 2269.
Total: 4.731000 ms (FindLiveObjects: 0.487700 ms CreateObjectMapping: 0.173200 ms MarkObjects: 3.838700 ms  DeleteObjects: 0.229300 ms)

========================================================================
Received Prepare
Registering precompiled user dll's ...
Registered in 0.001371 seconds.
Begin MonoManager ReloadAssembly
Native extension for WindowsStandalone target not found
Native extension for WebGL target not found
Refreshing native plugins compatible for Editor in 0.32 ms, found 1 plugins.
Preloading 0 native plugins for Editor in 0.00 ms.
Mono: successfully reloaded assembly
- Completed reload, in  0.812 seconds
Platform modules already initialized, skipping
Refreshing native plugins compatible for Editor in 0.33 ms, found 1 plugins.
Preloading 0 native plugins for Editor in 0.00 ms.
Unloading 1818 Unused Serialized files (Serialized files now loaded: 0)
System memory in use before: 85.2 MB.
System memory in use after: 85.1 MB.

Unloading 12 unused Assets to reduce memory usage. Loaded Objects now: 2273.
Total: 4.238800 ms (FindLiveObjects: 0.533700 ms CreateObjectMapping: 0.223200 ms MarkObjects: 3.279100 ms  DeleteObjects: 0.200300 ms)

========================================================================
Received Import Request.
  Time since last request: 158.705930 seconds.
  path: Assets/ScriptableObjects/Enemies
  artifactKey: Guid(86106fdff84aba044b816ef95dc246c9) Importer(815301076,1909f56bfc062723c751e8b465ee728b)
Start importing Assets/ScriptableObjects/Enemies using Guid(86106fdff84aba044b816ef95dc246c9) Importer(815301076,1909f56bfc062723c751e8b465ee728b)  -> (artifact id: '30331c0c021080189818b5d73fa158c3') in 0.004618 seconds
  Import took 0.007649 seconds .

========================================================================
Received Import Request.
  Time since last request: 7.598263 seconds.
  path: Assets/ScriptableObjects/Enemies/InimigoLento.asset
  artifactKey: Guid(9541d722fb3e82f46995f7b0062f689b) Importer(815301076,1909f56bfc062723c751e8b465ee728b)
Start importing Assets/ScriptableObjects/Enemies/InimigoLento.asset using Guid(9541d722fb3e82f46995f7b0062f689b) Importer(815301076,1909f56bfc062723c751e8b465ee728b)  -> (artifact id: 'f7552ffa11de57c05c36d2fe1821568e') in 0.019247 seconds
  Import took 0.022346 seconds .

========================================================================
Received Import Request.
  Time since last request: 33.560001 seconds.
  path: Assets/ScriptableObjects/Enemies/InimigoLento.asset
  artifactKey: Guid(9541d722fb3e82f46995f7b0062f689b) Importer(815301076,1909f56bfc062723c751e8b465ee728b)
Start importing Assets/ScriptableObjects/Enemies/InimigoLento.asset using Guid(9541d722fb3e82f46995f7b0062f689b) Importer(815301076,1909f56bfc062723c751e8b465ee728b)  -> (artifact id: '9c80f724d489793267a96ed1b58971db') in 0.019595 seconds
  Import took 0.023002 seconds .

========================================================================
Received Import Request.
  Time since last request: 6.411162 seconds.
  path: Assets/ScriptableObjects/Enemies/New Enemy Stats.asset
  artifactKey: Guid(00868a80ea4f11442b2cd559262dd4dd) Importer(815301076,1909f56bfc062723c751e8b465ee728b)
Start importing Assets/ScriptableObjects/Enemies/New Enemy Stats.asset using Guid(00868a80ea4f11442b2cd559262dd4dd) Importer(815301076,1909f56bfc062723c751e8b465ee728b)  -> (artifact id: '9571574e9005c9448a15104f1f29ef5d') in 0.002936 seconds
  Import took 0.006567 seconds .

========================================================================
Received Import Request.
  Time since last request: 0.003940 seconds.
  path: Assets/ScriptableObjects/Enemies/New Enemy Stats.asset
  artifactKey: Guid(00868a80ea4f11442b2cd559262dd4dd) Importer(815301076,1909f56bfc062723c751e8b465ee728b)
Start importing Assets/ScriptableObjects/Enemies/New Enemy Stats.asset using Guid(00868a80ea4f11442b2cd559262dd4dd) Importer(815301076,1909f56bfc062723c751e8b465ee728b)  -> (artifact id: '9571574e9005c9448a15104f1f29ef5d') in 0.002766 seconds
  Import took 0.005833 seconds .

========================================================================
Received Import Request.
  Time since last request: 5.282755 seconds.
  path: Assets/ScriptableObjects/Enemies/SlowEnemy.asset
  artifactKey: Guid(9541d722fb3e82f46995f7b0062f689b) Importer(815301076,1909f56bfc062723c751e8b465ee728b)
Start importing Assets/ScriptableObjects/Enemies/SlowEnemy.asset using Guid(9541d722fb3e82f46995f7b0062f689b) Importer(815301076,1909f56bfc062723c751e8b465ee728b)  -> (artifact id: '2dc9b7d810193c32a1207b647645bb76') in 0.002714 seconds
  Import took 0.005852 seconds .

========================================================================
Received Import Request.
  Time since last request: 4.723737 seconds.
  path: Assets/ScriptableObjects/Enemies/FastEnemy.asset
  artifactKey: Guid(00868a80ea4f11442b2cd559262dd4dd) Importer(815301076,1909f56bfc062723c751e8b465ee728b)
Start importing Assets/ScriptableObjects/Enemies/FastEnemy.asset using Guid(00868a80ea4f11442b2cd559262dd4dd) Importer(815301076,1909f56bfc062723c751e8b465ee728b)  -> (artifact id: '74dcd79332c02b28204a81a41d387412') in 0.002455 seconds
  Import took 0.005796 seconds .

========================================================================
Received Prepare
Registering precompiled user dll's ...
Registered in 0.001138 seconds.
Begin MonoManager ReloadAssembly
Native extension for WindowsStandalone target not found
Native extension for WebGL target not found
Refreshing native plugins compatible for Editor in 0.35 ms, found 1 plugins.
Preloading 0 native plugins for Editor in 0.00 ms.
Mono: successfully reloaded assembly
- Completed reload, in  0.939 seconds
Platform modules already initialized, skipping
Refreshing native plugins compatible for Editor in 0.34 ms, found 1 plugins.
Preloading 0 native plugins for Editor in 0.00 ms.
Unloading 1818 Unused Serialized files (Serialized files now loaded: 0)
System memory in use before: 85.2 MB.
System memory in use after: 85.2 MB.

Unloading 12 unused Assets to reduce memory usage. Loaded Objects now: 2277.
Total: 1.796400 ms (FindLiveObjects: 0.208200 ms CreateObjectMapping: 0.064100 ms MarkObjects: 1.408500 ms  DeleteObjects: 0.114800 ms)

========================================================================
Received Prepare
Registering precompiled user dll's ...
Registered in 0.119221 seconds.
Begin MonoManager ReloadAssembly
Native extension for WindowsStandalone target not found
Native extension for WebGL target not found
Refreshing native plugins compatible for Editor in 0.32 ms, found 1 plugins.
Preloading 0 native plugins for Editor in 0.00 ms.
Mono: successfully reloaded assembly
- Completed reload, in  0.779 seconds
Platform modules already initialized, skipping
Refreshing native plugins compatible for Editor in 0.31 ms, found 1 plugins.
Preloading 0 native plugins for Editor in 0.00 ms.
Unloading 1818 Unused Serialized files (Serialized files now loaded: 0)
System memory in use before: 85.2 MB.
System memory in use after: 85.2 MB.

Unloading 12 unused Assets to reduce memory usage. Loaded Objects now: 2281.
Total: 3.975500 ms (FindLiveObjects: 0.361400 ms CreateObjectMapping: 0.168100 ms MarkObjects: 3.259700 ms  DeleteObjects: 0.184700 ms)

========================================================================
Received Prepare
Registering precompiled user dll's ...
Registered in 0.001033 seconds.
Begin MonoManager ReloadAssembly
Native extension for WindowsStandalone target not found
Native extension for WebGL target not found
Refreshing native plugins compatible for Editor in 0.33 ms, found 1 plugins.
Preloading 0 native plugins for Editor in 0.00 ms.
Mono: successfully reloaded assembly
- Completed reload, in  0.796 seconds
Platform modules already initialized, skipping
Refreshing native plugins compatible for Editor in 0.31 ms, found 1 plugins.
Preloading 0 native plugins for Editor in 0.00 ms.
Unloading 1818 Unused Serialized files (Serialized files now loaded: 0)
System memory in use before: 85.2 MB.
System memory in use after: 85.2 MB.

Unloading 12 unused Assets to reduce memory usage. Loaded Objects now: 2285.
Total: 4.089400 ms (FindLiveObjects: 0.401100 ms CreateObjectMapping: 0.161500 ms MarkObjects: 3.328200 ms  DeleteObjects: 0.196600 ms)

========================================================================
Received Prepare
Registering precompiled user dll's ...
Registered in 0.000992 seconds.
Begin MonoManager ReloadAssembly
Native extension for WindowsStandalone target not found
Native extension for WebGL target not found
Refreshing native plugins compatible for Editor in 0.32 ms, found 1 plugins.
Preloading 0 native plugins for Editor in 0.00 ms.
Mono: successfully reloaded assembly
- Completed reload, in  0.789 seconds
Platform modules already initialized, skipping
Refreshing native plugins compatible for Editor in 0.33 ms, found 1 plugins.
Preloading 0 native plugins for Editor in 0.00 ms.
Unloading 1818 Unused Serialized files (Serialized files now loaded: 0)
System memory in use before: 85.2 MB.
System memory in use after: 85.2 MB.

Unloading 12 unused Assets to reduce memory usage. Loaded Objects now: 2289.
Total: 4.370000 ms (FindLiveObjects: 0.579700 ms CreateObjectMapping: 0.266900 ms MarkObjects: 3.316400 ms  DeleteObjects: 0.204300 ms)

========================================================================
Received Import Request.
  Time since last request: 1001.502792 seconds.
  path: Assets/ScriptableObjects/State Machine/AttackAction.cs
  artifactKey: Guid(42584169610472049b89aa07befafe2a) Importer(815301076,1909f56bfc062723c751e8b465ee728b)
Start importing Assets/ScriptableObjects/State Machine/AttackAction.cs using Guid(42584169610472049b89aa07befafe2a) Importer(815301076,1909f56bfc062723c751e8b465ee728b)  -> (artifact id: 'f57c110649e2b2c3437d2400508b4470') in 0.003677 seconds
  Import took 0.006414 seconds .

========================================================================
Received Import Request.
  Time since last request: 0.002094 seconds.
  path: Assets/ScriptableObjects/State Machine/AttackAction.cs
  artifactKey: Guid(42584169610472049b89aa07befafe2a) Importer(815301076,1909f56bfc062723c751e8b465ee728b)
Start importing Assets/ScriptableObjects/State Machine/AttackAction.cs using Guid(42584169610472049b89aa07befafe2a) Importer(815301076,1909f56bfc062723c751e8b465ee728b)  -> (artifact id: 'f57c110649e2b2c3437d2400508b4470') in 0.001607 seconds
  Import took 0.004153 seconds .

========================================================================
Received Prepare
Registering precompiled user dll's ...
Registered in 0.001083 seconds.
Begin MonoManager ReloadAssembly
Native extension for WindowsStandalone target not found
Native extension for WebGL target not found
Refreshing native plugins compatible for Editor in 0.32 ms, found 1 plugins.
Preloading 0 native plugins for Editor in 0.00 ms.
Mono: successfully reloaded assembly
- Completed reload, in  0.809 seconds
Platform modules already initialized, skipping
Refreshing native plugins compatible for Editor in 0.32 ms, found 1 plugins.
Preloading 0 native plugins for Editor in 0.00 ms.
Unloading 1818 Unused Serialized files (Serialized files now loaded: 0)
System memory in use before: 85.2 MB.
System memory in use after: 85.2 MB.

Unloading 12 unused Assets to reduce memory usage. Loaded Objects now: 2293.
Total: 1.858200 ms (FindLiveObjects: 0.259500 ms CreateObjectMapping: 0.071000 ms MarkObjects: 1.427300 ms  DeleteObjects: 0.099600 ms)

========================================================================
Received Import Request.
  Time since last request: 234.965699 seconds.
  path: Assets/ScriptableObjects/State Machine/AttackAction.cs
  artifactKey: Guid(42584169610472049b89aa07befafe2a) Importer(815301076,1909f56bfc062723c751e8b465ee728b)
Start importing Assets/ScriptableObjects/State Machine/AttackAction.cs using Guid(42584169610472049b89aa07befafe2a) Importer(815301076,1909f56bfc062723c751e8b465ee728b)  -> (artifact id: '9bc18bcdd4ee906935a74485726ca2da') in 0.003674 seconds
  Import took 0.006069 seconds .

========================================================================
Received Prepare
Registering precompiled user dll's ...
Registered in 0.001292 seconds.
Begin MonoManager ReloadAssembly
Native extension for WindowsStandalone target not found
Native extension for WebGL target not found
Refreshing native plugins compatible for Editor in 0.32 ms, found 1 plugins.
Preloading 0 native plugins for Editor in 0.00 ms.
Mono: successfully reloaded assembly
- Completed reload, in  0.834 seconds
Platform modules already initialized, skipping
Refreshing native plugins compatible for Editor in 0.45 ms, found 1 plugins.
Preloading 0 native plugins for Editor in 0.00 ms.
Unloading 1818 Unused Serialized files (Serialized files now loaded: 0)
System memory in use before: 85.3 MB.
System memory in use after: 85.2 MB.

Unloading 12 unused Assets to reduce memory usage. Loaded Objects now: 2297.
Total: 2.733000 ms (FindLiveObjects: 0.638400 ms CreateObjectMapping: 0.090700 ms MarkObjects: 1.894400 ms  DeleteObjects: 0.107900 ms)

========================================================================
Received Prepare
Registering precompiled user dll's ...
Registered in 0.001090 seconds.
Begin MonoManager ReloadAssembly
Native extension for WindowsStandalone target not found
Native extension for WebGL target not found
Refreshing native plugins compatible for Editor in 0.33 ms, found 1 plugins.
Preloading 0 native plugins for Editor in 0.00 ms.
Mono: successfully reloaded assembly
- Completed reload, in  0.786 seconds
Platform modules already initialized, skipping
Refreshing native plugins compatible for Editor in 0.32 ms, found 1 plugins.
Preloading 0 native plugins for Editor in 0.00 ms.
Unloading 1818 Unused Serialized files (Serialized files now loaded: 0)
System memory in use before: 85.3 MB.
System memory in use after: 85.2 MB.

Unloading 12 unused Assets to reduce memory usage. Loaded Objects now: 2301.
Total: 4.460700 ms (FindLiveObjects: 0.358200 ms CreateObjectMapping: 0.158600 ms MarkObjects: 3.713600 ms  DeleteObjects: 0.228300 ms)

========================================================================
Received Prepare
Registering precompiled user dll's ...
Registered in 0.001044 seconds.
Begin MonoManager ReloadAssembly
Native extension for WindowsStandalone target not found
Native extension for WebGL target not found
Refreshing native plugins compatible for Editor in 0.38 ms, found 1 plugins.
Preloading 0 native plugins for Editor in 0.00 ms.
Mono: successfully reloaded assembly
- Completed reload, in  0.810 seconds
Platform modules already initialized, skipping
Refreshing native plugins compatible for Editor in 0.35 ms, found 1 plugins.
Preloading 0 native plugins for Editor in 0.00 ms.
Unloading 1818 Unused Serialized files (Serialized files now loaded: 0)
System memory in use before: 85.3 MB.
System memory in use after: 85.2 MB.

Unloading 12 unused Assets to reduce memory usage. Loaded Objects now: 2305.
Total: 1.780700 ms (FindLiveObjects: 0.167600 ms CreateObjectMapping: 0.063700 ms MarkObjects: 1.452600 ms  DeleteObjects: 0.096000 ms)

========================================================================
Received Prepare
Registering precompiled user dll's ...
Registered in 0.001470 seconds.
Begin MonoManager ReloadAssembly
Native extension for WindowsStandalone target not found
Native extension for WebGL target not found
Refreshing native plugins compatible for Editor in 0.35 ms, found 1 plugins.
Preloading 0 native plugins for Editor in 0.00 ms.
Mono: successfully reloaded assembly
- Completed reload, in  0.819 seconds
Platform modules already initialized, skipping
Refreshing native plugins compatible for Editor in 0.34 ms, found 1 plugins.
Preloading 0 native plugins for Editor in 0.00 ms.
Unloading 1818 Unused Serialized files (Serialized files now loaded: 0)
System memory in use before: 85.3 MB.
System memory in use after: 85.3 MB.

Unloading 12 unused Assets to reduce memory usage. Loaded Objects now: 2309.
Total: 1.834800 ms (FindLiveObjects: 0.210400 ms CreateObjectMapping: 0.071700 ms MarkObjects: 1.455600 ms  DeleteObjects: 0.096100 ms)

AssetImportWorkerClient::OnTransportError - code=2 error=End of file
